  [1m[35m (9.1ms)[0m  [1m[35mDROP DATABASE IF EXISTS `game_database`[0m
  [1m[35m (4.1ms)[0m  [1m[35mCREATE DATABASE `game_database` DEFAULT CHARACTER SET `utf8`[0m
  [1m[35m (0.3ms)[0m  [1m[35mCREATE DATABASE `game_database` DEFAULT CHARACTER SET `utf8`[0m
  [1m[35m (10.6ms)[0m  [1m[35mCREATE TABLE `schema_migrations` (`version` varchar(255) NOT NULL PRIMARY KEY)[0m
  [1m[35m (7.5ms)[0m  [1m[35mCREATE TABLE `ar_internal_metadata` (`key` varchar(255) NOT NULL PRIMARY KEY, `value` varchar(255), `created_at` datetime(6) NOT NULL, `updated_at` datetime(6) NOT NULL)[0m
  [1m[35m (0.1ms)[0m  [1m[34mSELECT GET_LOCK('3379462344863395560', 0)[0m
  [1m[36mActiveRecord::SchemaMigration Pluck (4.9ms)[0m  [1m[34mSELECT `schema_migrations`.`version` FROM `schema_migrations` ORDER BY `schema_migrations`.`version` ASC[0m
Migrating to User (20230914211646)
  [1m[36mTRANSACTION (0.2ms)[0m  [1m[35mBEGIN[0m
  [1m[36mActiveRecord::SchemaMigration Create (0.7ms)[0m  [1m[32mINSERT INTO `schema_migrations` (`version`) VALUES ('20230914211646')[0m
  [1m[36mTRANSACTION (1.5ms)[0m  [1m[35mCOMMIT[0m
Migrating to CreateActiveStorageTables (20230918214230)
  [1m[35m (10.7ms)[0m  [1m[35mCREATE TABLE `active_storage_blobs` (`id` bigint NOT NULL AUTO_INCREMENT PRIMARY KEY, `key` varchar(255) NOT NULL, `filename` varchar(255) NOT NULL, `content_type` varchar(255), `metadata` text, `service_name` varchar(255) NOT NULL, `byte_size` bigint NOT NULL, `checksum` varchar(255), `created_at` datetime(6) NOT NULL, UNIQUE INDEX `index_active_storage_blobs_on_key` (`key`))[0m
  [1m[35m (13.3ms)[0m  [1m[35mCREATE TABLE `active_storage_attachments` (`id` bigint NOT NULL AUTO_INCREMENT PRIMARY KEY, `name` varchar(255) NOT NULL, `record_type` varchar(255) NOT NULL, `record_id` bigint NOT NULL, `blob_id` bigint NOT NULL, `created_at` datetime(6) NOT NULL, INDEX `index_active_storage_attachments_on_blob_id` (`blob_id`), UNIQUE INDEX `index_active_storage_attachments_uniqueness` (`record_type`, `record_id`, `name`, `blob_id`), CONSTRAINT `fk_rails_c3b3935057`
FOREIGN KEY (`blob_id`)
  REFERENCES `active_storage_blobs` (`id`)
)[0m
  [1m[35m (13.6ms)[0m  [1m[35mCREATE TABLE `active_storage_variant_records` (`id` bigint NOT NULL AUTO_INCREMENT PRIMARY KEY, `blob_id` bigint NOT NULL, `variation_digest` varchar(255) NOT NULL, UNIQUE INDEX `index_active_storage_variant_records_uniqueness` (`blob_id`, `variation_digest`), CONSTRAINT `fk_rails_993965df05`
FOREIGN KEY (`blob_id`)
  REFERENCES `active_storage_blobs` (`id`)
)[0m
  [1m[36mTRANSACTION (0.3ms)[0m  [1m[35mBEGIN[0m
  [1m[36mActiveRecord::SchemaMigration Create (0.4ms)[0m  [1m[32mINSERT INTO `schema_migrations` (`version`) VALUES ('20230918214230')[0m
  [1m[36mTRANSACTION (1.7ms)[0m  [1m[35mCOMMIT[0m
Migrating to CreateItems (20230918215853)
  [1m[35m (13.5ms)[0m  [1m[35mCREATE TABLE `items` (`id` bigint NOT NULL AUTO_INCREMENT PRIMARY KEY, `name` varchar(255), `description` varchar(255), `type` varchar(255), `rarity` int, `created_at` datetime(6) NOT NULL, `updated_at` datetime(6) NOT NULL)[0m
  [1m[36mTRANSACTION (0.3ms)[0m  [1m[35mBEGIN[0m
  [1m[36mActiveRecord::SchemaMigration Create (0.4ms)[0m  [1m[32mINSERT INTO `schema_migrations` (`version`) VALUES ('20230918215853')[0m
  [1m[36mTRANSACTION (1.8ms)[0m  [1m[35mCOMMIT[0m
Migrating to FixItemType (20230918222638)
  [1m[35m (8.9ms)[0m  [1m[35mALTER TABLE `items` RENAME COLUMN `type` TO `item_type`[0m
  [1m[36mTRANSACTION (0.1ms)[0m  [1m[35mBEGIN[0m
  [1m[36mActiveRecord::SchemaMigration Create (0.3ms)[0m  [1m[32mINSERT INTO `schema_migrations` (`version`) VALUES ('20230918222638')[0m
  [1m[36mTRANSACTION (1.1ms)[0m  [1m[35mCOMMIT[0m
Migrating to Tool (20230919194540)
  [1m[35m (8.8ms)[0m  [1m[35mCREATE TABLE `tools` (`id` bigint NOT NULL AUTO_INCREMENT PRIMARY KEY, `name` varchar(255), `description` varchar(255), `globalCount` int, `created_at` datetime(6) NOT NULL, `updated_at` datetime(6) NOT NULL)[0m
  [1m[36mTRANSACTION (0.2ms)[0m  [1m[35mBEGIN[0m
  [1m[36mActiveRecord::SchemaMigration Create (0.3ms)[0m  [1m[32mINSERT INTO `schema_migrations` (`version`) VALUES ('20230919194540')[0m
  [1m[36mTRANSACTION (1.5ms)[0m  [1m[35mCOMMIT[0m
Migrating to CreateUsers (20230921203812)
  [1m[35m (0.4ms)[0m  [1m[34mSELECT RELEASE_LOCK('3379462344863395560')[0m
  [1m[35m (0.1ms)[0m  [1m[34mSELECT GET_LOCK('3379462344863395560', 0)[0m
  [1m[36mActiveRecord::SchemaMigration Pluck (0.2ms)[0m  [1m[34mSELECT `schema_migrations`.`version` FROM `schema_migrations` ORDER BY `schema_migrations`.`version` ASC[0m
Migrating to CreateUsers (20230921203812)
  [1m[35m (10.3ms)[0m  [1m[35mCREATE TABLE `users` (`id` bigint NOT NULL AUTO_INCREMENT PRIMARY KEY, `username` varchar(255), `pin` int, `created_at` datetime(6) NOT NULL, `updated_at` datetime(6) NOT NULL)[0m
  [1m[36mTRANSACTION (0.2ms)[0m  [1m[35mBEGIN[0m
  [1m[36mActiveRecord::SchemaMigration Create (0.3ms)[0m  [1m[32mINSERT INTO `schema_migrations` (`version`) VALUES ('20230921203812')[0m
  [1m[36mTRANSACTION (1.2ms)[0m  [1m[35mCOMMIT[0m
  [1m[36mActiveRecord::InternalMetadata Load (0.7ms)[0m  [1m[34mSELECT `ar_internal_metadata`.* FROM `ar_internal_metadata` WHERE `ar_internal_metadata`.`key` = 'environment' LIMIT 1[0m
  [1m[36mTRANSACTION (0.3ms)[0m  [1m[35mBEGIN[0m
  [1m[36mActiveRecord::InternalMetadata Create (0.4ms)[0m  [1m[32mINSERT INTO `ar_internal_metadata` (`key`, `value`, `created_at`, `updated_at`) VALUES ('environment', 'development', '2023-09-22 19:25:06.034657', '2023-09-22 19:25:06.034657')[0m
  [1m[36mTRANSACTION (1.5ms)[0m  [1m[35mCOMMIT[0m
  [1m[35m (0.2ms)[0m  [1m[34mSELECT RELEASE_LOCK('3379462344863395560')[0m
  [1m[36mActiveRecord::SchemaMigration Pluck (0.2ms)[0m  [1m[34mSELECT `schema_migrations`.`version` FROM `schema_migrations` ORDER BY `schema_migrations`.`version` ASC[0m
  [1m[36mActiveRecord::SchemaMigration Pluck (0.2ms)[0m  [1m[34mSELECT `schema_migrations`.`version` FROM `schema_migrations` ORDER BY `schema_migrations`.`version` ASC[0m
  [1m[36mTRANSACTION (0.3ms)[0m  [1m[35mBEGIN[0m
  [1m[36mItem Create (0.4ms)[0m  [1m[32mINSERT INTO `items` (`name`, `description`, `item_type`, `rarity`, `created_at`, `updated_at`) VALUES ('item1', 'pog', 'sticker', 0, '2023-09-22 19:25:20.016559', '2023-09-22 19:25:20.016559')[0m
  [1m[36mTRANSACTION (2.0ms)[0m  [1m[35mCOMMIT[0m
  [1m[36mTRANSACTION (0.2ms)[0m  [1m[35mBEGIN[0m
  [1m[36mItem Create (0.4ms)[0m  [1m[32mINSERT INTO `items` (`name`, `description`, `item_type`, `rarity`, `created_at`, `updated_at`) VALUES ('item2', 'pog1', 'sticker', 1, '2023-09-22 19:25:20.038828', '2023-09-22 19:25:20.038828')[0m
  [1m[36mTRANSACTION (1.4ms)[0m  [1m[35mCOMMIT[0m
  [1m[36mTRANSACTION (0.1ms)[0m  [1m[35mBEGIN[0m
  [1m[36mItem Create (0.2ms)[0m  [1m[32mINSERT INTO `items` (`name`, `description`, `item_type`, `rarity`, `created_at`, `updated_at`) VALUES ('item3', 'pog3', 'clothing', 0, '2023-09-22 19:25:20.050058', '2023-09-22 19:25:20.050058')[0m
  [1m[36mTRANSACTION (0.9ms)[0m  [1m[35mCOMMIT[0m
  [1m[36mTRANSACTION (0.1ms)[0m  [1m[35mBEGIN[0m
  [1m[36mTool Create (0.2ms)[0m  [1m[32mINSERT INTO `tools` (`name`, `description`, `globalCount`, `created_at`, `updated_at`) VALUES ('scissor', 'it cuts materials', 0, '2023-09-22 19:25:20.063231', '2023-09-22 19:25:20.063231')[0m
  [1m[36mTRANSACTION (1.4ms)[0m  [1m[35mCOMMIT[0m
  [1m[36mTRANSACTION (0.1ms)[0m  [1m[35mBEGIN[0m
  [1m[36mTool Create (0.2ms)[0m  [1m[32mINSERT INTO `tools` (`name`, `description`, `globalCount`, `created_at`, `updated_at`) VALUES ('hammer', 'it slams stuff', 0, '2023-09-22 19:25:20.067479', '2023-09-22 19:25:20.067479')[0m
  [1m[36mTRANSACTION (1.1ms)[0m  [1m[35mCOMMIT[0m
  [1m[36mActiveRecord::SchemaMigration Pluck (0.2ms)[0m  [1m[34mSELECT `schema_migrations`.`version` FROM `schema_migrations` ORDER BY `schema_migrations`.`version` ASC[0m
  [1m[36mTRANSACTION (0.2ms)[0m  [1m[35mBEGIN[0m
  [1m[36mItem Create (0.4ms)[0m  [1m[32mINSERT INTO `items` (`name`, `description`, `item_type`, `rarity`, `created_at`, `updated_at`) VALUES ('item1', 'pog', 'sticker', 0, '2023-09-22 19:25:42.453077', '2023-09-22 19:25:42.453077')[0m
  [1m[36mTRANSACTION (1.6ms)[0m  [1m[35mCOMMIT[0m
  [1m[36mTRANSACTION (0.2ms)[0m  [1m[35mBEGIN[0m
  [1m[36mItem Create (0.4ms)[0m  [1m[32mINSERT INTO `items` (`name`, `description`, `item_type`, `rarity`, `created_at`, `updated_at`) VALUES ('item2', 'pog1', 'sticker', 1, '2023-09-22 19:25:42.472685', '2023-09-22 19:25:42.472685')[0m
  [1m[36mTRANSACTION (1.5ms)[0m  [1m[35mCOMMIT[0m
  [1m[36mTRANSACTION (0.2ms)[0m  [1m[35mBEGIN[0m
  [1m[36mItem Create (0.2ms)[0m  [1m[32mINSERT INTO `items` (`name`, `description`, `item_type`, `rarity`, `created_at`, `updated_at`) VALUES ('item3', 'pog3', 'clothing', 0, '2023-09-22 19:25:42.487359', '2023-09-22 19:25:42.487359')[0m
  [1m[36mTRANSACTION (1.0ms)[0m  [1m[35mCOMMIT[0m
  [1m[36mTRANSACTION (0.1ms)[0m  [1m[35mBEGIN[0m
  [1m[36mTool Create (0.3ms)[0m  [1m[32mINSERT INTO `tools` (`name`, `description`, `globalCount`, `created_at`, `updated_at`) VALUES ('scissor', 'it cuts materials', 0, '2023-09-22 19:25:42.497215', '2023-09-22 19:25:42.497215')[0m
  [1m[36mTRANSACTION (1.7ms)[0m  [1m[35mCOMMIT[0m
  [1m[36mTRANSACTION (0.1ms)[0m  [1m[35mBEGIN[0m
  [1m[36mTool Create (0.3ms)[0m  [1m[32mINSERT INTO `tools` (`name`, `description`, `globalCount`, `created_at`, `updated_at`) VALUES ('hammer', 'it slams stuff', 0, '2023-09-22 19:25:42.501846', '2023-09-22 19:25:42.501846')[0m
  [1m[36mTRANSACTION (1.2ms)[0m  [1m[35mCOMMIT[0m
  [1m[36mTRANSACTION (0.2ms)[0m  [1m[35mBEGIN[0m
  [1m[36mUser Create (0.3ms)[0m  [1m[32mINSERT INTO `users` (`username`, `pin`, `created_at`, `updated_at`) VALUES ('pandaMan', 1234, '2023-09-22 19:25:42.516719', '2023-09-22 19:25:42.516719')[0m
  [1m[36mTRANSACTION (1.3ms)[0m  [1m[35mCOMMIT[0m
  [1m[36mTRANSACTION (0.1ms)[0m  [1m[35mBEGIN[0m
  [1m[36mUser Create (0.2ms)[0m  [1m[32mINSERT INTO `users` (`username`, `pin`, `created_at`, `updated_at`) VALUES ('bruin36', 2468, '2023-09-22 19:25:42.521191', '2023-09-22 19:25:42.521191')[0m
  [1m[36mTRANSACTION (0.7ms)[0m  [1m[35mCOMMIT[0m
  [1m[36mItem Load (0.4ms)[0m  [1m[34mSELECT `items`.* FROM `items`[0m
